-------------------------------------------------------------------------------
Test set: tests.Catalog_Test
-------------------------------------------------------------------------------
Tests run: 1, Failures: 0, Errors: 1, Skipped: 0, Time elapsed: 9.796 s <<< FAILURE! -- in tests.Catalog_Test
tests.Catalog_Test.courseShouldFindByNameInCatalog -- Time elapsed: 9.792 s <<< ERROR!
com.google.inject.ConfigurationException: 
Guice configuration errors:

1) [Guice/MissingImplementation]: No implementation for WebDriver was bound.

Learn more:
  https://github.com/google/guice/wiki/MISSING_IMPLEMENTATION

1 error

======================
Full classname legend:
======================
WebDriver: "org.openqa.selenium.WebDriver"
========================
End of classname legend:
========================

	at com.google.inject.internal.InjectorImpl.getProvider(InjectorImpl.java:1174)
	at com.google.inject.internal.InjectorImpl.getProvider(InjectorImpl.java:1134)
	at com.google.inject.internal.InjectorImpl.getInstance(InjectorImpl.java:1186)
	at extensions.UIExtension.afterEach(UIExtension.java:28)
	at java.base/java.util.ArrayList.forEach(ArrayList.java:1596)
	at java.base/java.util.ArrayList.forEach(ArrayList.java:1596)

